<?xml version="1.0" encoding="UTF-8"?>
<!-- Generated by org.testng.reporters.JUnitReportReporter -->
<testsuite hostname="DESKTOP-7EUDCAL" failures="0" tests="4" name="DataProviderEx" time="0.017" errors="0" timestamp="2024-12-09T21:52:33 GMT-04:00" skipped="0">
  <testcase classname="DataProviderEx" name="method" time="0.001"/>
  <system-out/>
  <testcase classname="DataProviderEx" name="method" time="0.014"/>
  <system-out/>
  <testcase classname="DataProviderEx" name="method" time="0.001"/>
  <system-out/>
  <testcase classname="DataProviderEx" name="method" time="0.001"/>
  <system-out/>
</testsuite> <!-- DataProviderEx -->
