<?xml version="1.0" encoding="UTF-8"?>
<!-- Generated by org.testng.reporters.JUnitReportReporter -->
<testsuite hostname="DESKTOP-7EUDCAL" failures="0" tests="2" name="ParallelTests" time="16.397" errors="0" timestamp="2024-12-09T22:05:26 GMT-04:00" skipped="0">
  <testcase classname="ParallelTests" name="login" time="7.545"/>
  <system-out/>
  <testcase classname="ParallelTests" name="logout" time="8.852"/>
  <system-out/>
</testsuite> <!-- ParallelTests -->
