<?xml version="1.0" encoding="UTF-8"?>
<!-- Generated by org.testng.reporters.JUnitReportReporter -->
<testsuite hostname="DESKTOP-7EUDCAL" failures="0" tests="5" name="IgnoreTestEx" time="0.018" errors="0" timestamp="2024-12-05T22:45:36 GMT-04:00" skipped="2">
  <testcase classname="IgnoreTestEx" name="test1" time="0.014"/>
  <system-out/>
  <testcase classname="IgnoreTestEx" name="test2" time="0.002"/>
  <system-out/>
  <testcase classname="IgnoreTestEx" name="test5" time="0.002"/>
  <system-out/>
  <testcase classname="IgnoreTestEx" name="test4">
    <skipped/>
  </testcase> <!-- test4 -->
  <system-out/>
  <testcase classname="IgnoreTestEx" name="test3">
    <skipped/>
  </testcase> <!-- test3 -->
  <system-out/>
</testsuite> <!-- IgnoreTestEx -->
