<?xml version="1.0" encoding="UTF-8"?>
<!-- Generated by org.testng.reporters.JUnitReportReporter -->
<testsuite hostname="DESKTOP-7EUDCAL" failures="0" tests="3" name="DataProiverLogin" time="11.951" errors="0" timestamp="2024-12-09T21:53:40 GMT-04:00" skipped="0">
  <testcase classname="DataProiverLogin" name="method" time="5.803"/>
  <system-out/>
  <testcase classname="DataProiverLogin" name="method" time="3.109"/>
  <system-out/>
  <testcase classname="DataProiverLogin" name="method" time="3.039"/>
  <system-out/>
</testsuite> <!-- DataProiverLogin -->
