<?xml version="1.0" encoding="UTF-8"?>
<!-- Generated by org.testng.reporters.JUnitReportReporter -->
<testsuite hostname="DESKTOP-7EUDCAL" failures="0" tests="2" name="GroupsEx" time="0.012" errors="0" timestamp="2024-12-09T21:59:13 GMT-04:00" skipped="0">
  <testcase classname="GroupsEx" name="addtocart" time="0.010"/>
  <system-out/>
  <testcase classname="GroupsEx" name="settings" time="0.002"/>
  <system-out/>
</testsuite> <!-- GroupsEx -->
