<?xml version="1.0" encoding="UTF-8"?>
<!-- Generated by org.testng.reporters.JUnitReportReporter -->
<testsuite hostname="DESKTOP-7EUDCAL" failures="0" tests="1" name="SauceTests.LoginTest" time="5.692" errors="0" timestamp="2024-12-05T22:11:22 GMT-04:00" skipped="0">
  <testcase classname="SauceTests.LoginTest" name="validLogin" time="5.692"/>
  <system-out/>
</testsuite> <!-- SauceTests.LoginTest -->
