<?xml version="1.0" encoding="UTF-8"?>
<!-- Generated by org.testng.reporters.JUnitReportReporter -->
<testsuite hostname="DESKTOP-7EUDCAL" failures="0" tests="10" name="MutlipleExecution" time="0.035" errors="0" timestamp="2024-12-09T22:01:10 GMT-04:00" skipped="0">
  <testcase classname="MutlipleExecution" name="test1" time="0.004"/>
  <system-out/>
  <testcase classname="MutlipleExecution" name="test1" time="0.002"/>
  <system-out/>
  <testcase classname="MutlipleExecution" name="test1" time="0.012"/>
  <system-out/>
  <testcase classname="MutlipleExecution" name="test1" time="0.001"/>
  <system-out/>
  <testcase classname="MutlipleExecution" name="test1" time="0.003"/>
  <system-out/>
  <testcase classname="MutlipleExecution" name="test1" time="0.004"/>
  <system-out/>
  <testcase classname="MutlipleExecution" name="test1" time="0.002"/>
  <system-out/>
  <testcase classname="MutlipleExecution" name="test1" time="0.002"/>
  <system-out/>
  <testcase classname="MutlipleExecution" name="test1" time="0.004"/>
  <system-out/>
  <testcase classname="MutlipleExecution" name="test1" time="0.001"/>
  <system-out/>
</testsuite> <!-- MutlipleExecution -->
