<?xml version="1.0" encoding="UTF-8"?>
<!-- Generated by org.testng.reporters.JUnitReportReporter -->
<testsuite hostname="DESKTOP-7EUDCAL" failures="0" tests="4" name="PriorEx" time="0.014" errors="0" timestamp="2024-12-05T22:39:06 GMT-04:00" skipped="0">
  <testcase classname="PriorEx" name="order" time="0.011"/>
  <system-out/>
  <testcase classname="PriorEx" name="filter" time="0.001"/>
  <system-out/>
  <testcase classname="PriorEx" name="login" time="0.001"/>
  <system-out/>
  <testcase classname="PriorEx" name="cart" time="0.001"/>
  <system-out/>
</testsuite> <!-- PriorEx -->
