<?xml version="1.0" encoding="UTF-8"?>
<!-- Generated by org.testng.reporters.JUnitReportReporter -->
<testsuite hostname="DESKTOP-7EUDCAL" failures="0" tests="1" name="SauceTests.LogOutTest" time="4.475" errors="0" timestamp="2024-12-05T22:06:21 GMT-04:00" skipped="0">
  <testcase classname="SauceTests.LogOutTest" name="Logout" time="4.475"/>
  <system-out/>
</testsuite> <!-- SauceTests.LogOutTest -->
