<?xml version="1.0" encoding="UTF-8"?>
<!-- Generated by org.testng.reporters.JUnitReportReporter -->
<testsuite hostname="DESKTOP-7EUDCAL" failures="0" tests="2" name="ParameterEx" time="11.103" errors="0" timestamp="2024-12-09T22:09:12 GMT-04:00" skipped="0">
  <testcase classname="ParameterEx" name="login" time="4.980"/>
  <system-out/>
  <testcase classname="ParameterEx" name="login" time="6.123"/>
  <system-out/>
</testsuite> <!-- ParameterEx -->
