<?xml version="1.0" encoding="UTF-8"?>
<!-- Generated by org.testng.reporters.JUnitReportReporter -->
<testsuite hostname="DESKTOP-7EUDCAL" failures="0" tests="1" name="SauceTests.AddToCart" time="5.764" errors="0" timestamp="2024-12-05T22:11:22 GMT-04:00" skipped="0">
  <testcase classname="SauceTests.AddToCart" name="cart" time="5.764"/>
  <system-out/>
</testsuite> <!-- SauceTests.AddToCart -->
