<?xml version="1.0" encoding="UTF-8"?>
<!-- Generated by org.testng.reporters.JUnitReportReporter -->
<testsuite hostname="DESKTOP-7EUDCAL" failures="0" tests="2" name="com.sauce.testcases.LoginTest" time="7.699" errors="0" timestamp="2024-12-10T22:30:00 GMT-04:00" skipped="0">
  <testcase classname="com.sauce.testcases.LoginTest" name="validLoginTest" time="4.449"/>
  <system-out/>
  <testcase classname="com.sauce.testcases.LoginTest" name="invalidLoginTest" time="3.250"/>
  <system-out/>
</testsuite> <!-- com.sauce.testcases.LoginTest -->
