<?xml version="1.0" encoding="UTF-8"?>
<!-- Generated by org.testng.reporters.JUnitReportReporter -->
<testsuite hostname="DESKTOP-7EUDCAL" failures="0" tests="4" name="com.sauce.testcases.HomeTest" time="16.448" errors="0" timestamp="2024-12-11T22:51:28 GMT-04:00" skipped="0">
  <testcase classname="com.sauce.testcases.HomeTest" name="sort" time="5.532"/>
  <system-out/>
  <testcase classname="com.sauce.testcases.HomeTest" name="logout" time="3.793"/>
  <system-out/>
  <testcase classname="com.sauce.testcases.HomeTest" name="removecart" time="3.578"/>
  <system-out/>
  <testcase classname="com.sauce.testcases.HomeTest" name="addtocarttest" time="3.545"/>
  <system-out/>
</testsuite> <!-- com.sauce.testcases.HomeTest -->
