<?xml version="1.0" encoding="UTF-8"?>
<!-- Generated by org.testng.reporters.JUnitReportReporter -->
<testsuite hostname="DESKTOP-7EUDCAL" failures="0" tests="2" name="com.sauce.testcases.LoginTest" time="7.784" errors="0" timestamp="2024-12-11T22:51:28 GMT-04:00" skipped="0">
  <testcase classname="com.sauce.testcases.LoginTest" name="validLoginTest" time="4.649"/>
  <system-out/>
  <testcase classname="com.sauce.testcases.LoginTest" name="invalidLoginTest" time="3.135"/>
  <system-out/>
</testsuite> <!-- com.sauce.testcases.LoginTest -->
