<?xml version="1.0" encoding="UTF-8"?>
<!-- Generated by org.testng.reporters.JUnitReportReporter -->
<testsuite hostname="DESKTOP-7EUDCAL" failures="0" tests="3" name="AnnotationEx" time="0.016" errors="0" timestamp="2024-12-04T22:49:31 GMT-04:00" skipped="0">
  <testcase classname="AnnotationEx" name="method1" time="0.012"/>
  <system-out/>
  <testcase classname="AnnotationEx" name="method3" time="0.002"/>
  <system-out/>
  <testcase classname="AnnotationEx" name="method2" time="0.002"/>
  <system-out/>
</testsuite> <!-- AnnotationEx -->
