<?xml version="1.0" encoding="UTF-8"?>
<!-- Generated by org.testng.reporters.JUnitReportReporter -->
<testsuite hostname="DESKTOP-7EUDCAL" failures="0" tests="1" name="LoginTest" time="0.013" errors="0" timestamp="2024-12-04T22:23:44 GMT-04:00" skipped="0">
  <testcase classname="LoginTest" name="invalidLogin" time="0.013"/>
  <system-out/>
</testsuite> <!-- LoginTest -->
